Final/CODE/FitMvp/app/build/outputs/logs/manifest-merger-release-report.txt
-- Merging decision tree log ---
permission#com.example.fitmvp.permission.JPUSH_MESSAGE
INJECTED from src\main\AndroidManifest.xml:6:5-8:46
MERGED from [cn.jiguang.sdk:jmessage:2.9.0] AndroidManifest.xml:11:5-13:47
	android:protectionLevel
		ADDED from src\main\AndroidManifest.xml:8:9-44
	android:name
		INJECTED from src\main\AndroidManifest.xml
		ADDED from src\main\AndroidManifest.xml:7:9-65
uses-permission#com.example.fitmvp.permission.JPUSH_MESSAGE
INJECTED from src\main\AndroidManifest.xml:11:5-81
MERGED from [cn.jiguang.sdk:jmessage:2.9.0] AndroidManifest.xml:16:5-81
	android:name
		INJECTED from src\main\AndroidManifest.xml
		ADDED from src\main\AndroidManifest.xml:11:22-78
manifest
ADDED from src\main\AndroidManifest.xml:2:1-153:12
INJECTED from src\main\AndroidManifest.xml:2:1-153:12
INJECTED from src\main\AndroidManifest.xml:2:1-153:12
INJECTED from src\main\AndroidManifest.xml:2:1-153:12
MERGED from [androidx.legacy:legacy-support-v13:1.0.0] AndroidManifest.xml:17:1-22:12
MERGED from [:emoji] AndroidManifest.xml:2:1-9:12
MERGED from [androidx.legacy:legacy-support-v4:1.0.0] AndroidManifest.xml:17:1-22:12
MERGED from [com.google.android.material:material:1.0.0] AndroidManifest.xml:17:1-24:12
MERGED from [androidx.cardview:cardview:1.0.0] AndroidManifest.xml:17:1-22:12
MERGED from [pub.devrel:easypermissions:1.3.0] AndroidManifest.xml:2:1-19:12
MERGED from [com.github.darrenfantasy:DoubleDatePicker:1.0] AndroidManifest.xml:2:1-11:12
MERGED from [androidx.appcompat:appcompat:1.0.0] AndroidManifest.xml:17:1-22:12
MERGED from [com.github.bumptech.glide:glide:4.8.0] AndroidManifest.xml:2:1-12:12
MERGED from [androidx.constraintlayout:constraintlayout:1.1.3] AndroidManifest.xml:2:1-11:12
MERGED from [androidx.recyclerview:recyclerview:1.0.0] AndroidManifest.xml:17:1-22:12
MERGED from [io.reactivex.rxjava2:rxandroid:2.0.1] AndroidManifest.xml:15:1-21:12
MERGED from [cn.jiguang.sdk:jmessage:2.9.0] AndroidManifest.xml:2:1-119:12
MERGED from [cn.jiguang.sdk:jcore:2.0.0] AndroidManifest.xml:2:1-14:12
MERGED from [androidx.media:media:1.0.0] AndroidManifest.xml:17:1-22:12
MERGED from [androidx.fragment:fragment:1.0.0] AndroidManifest.xml:17:1-22:12
MERGED from [androidx.vectordrawable:vectordrawable-animated:1.0.0] AndroidManifest.xml:17:1-22:12
MERGED from [androidx.legacy:legacy-support-core-ui:1.0.0] AndroidManifest.xml:17:1-22:12
MERGED from [androidx.legacy:legacy-support-core-utils:1.0.0] AndroidManifest.xml:17:1-22:12
MERGED from [androidx.vectordrawable:vectordrawable:1.0.0] AndroidManifest.xml:17:1-22:12
MERGED from [androidx.transition:transition:1.0.0] AndroidManifest.xml:17:1-22:12
MERGED from [androidx.loader:loader:1.0.0] AndroidManifest.xml:17:1-22:12
MERGED from [androidx.viewpager:viewpager:1.0.0] AndroidManifest.xml:17:1-22:12
MERGED from [androidx.coordinatorlayout:coordinatorlayout:1.0.0] AndroidManifest.xml:17:1-22:12
MERGED from [androidx.drawerlayout:drawerlayout:1.0.0] AndroidManifest.xml:17:1-22:12
MERGED from [androidx.slidingpanelayout:slidingpanelayout:1.0.0] AndroidManifest.xml:17:1-22:12
MERGED from [androidx.customview:customview:1.0.0] AndroidManifest.xml:17:1-22:12
MERGED from [androidx.swiperefreshlayout:swiperefreshlayout:1.0.0] AndroidManifest.xml:17:1-22:12
MERGED from [androidx.asynclayoutinflater:asynclayoutinflater:1.0.0] AndroidManifest.xml:17:1-22:12
MERGED from [androidx.core:core:1.0.0] AndroidManifest.xml:17:1-24:12
MERGED from [androidx.versionedparcelable:versionedparcelable:1.0.0] AndroidManifest.xml:17:1-25:12
MERGED from [androidx.cursoradapter:cursoradapter:1.0.0] AndroidManifest.xml:17:1-22:12
MERGED from [com.github.bumptech.glide:gifdecoder:4.8.0] AndroidManifest.xml:2:1-11:12
MERGED from [androidx.lifecycle:lifecycle-runtime:2.0.0] AndroidManifest.xml:17:1-22:12
MERGED from [androidx.documentfile:documentfile:1.0.0] AndroidManifest.xml:17:1-22:12
MERGED from [androidx.localbroadcastmanager:localbroadcastmanager:1.0.0] AndroidManifest.xml:17:1-22:12
MERGED from [androidx.print:print:1.0.0] AndroidManifest.xml:17:1-22:12
MERGED from [androidx.interpolator:interpolator:1.0.0] AndroidManifest.xml:17:1-22:12
MERGED from [androidx.lifecycle:lifecycle-viewmodel:2.0.0] AndroidManifest.xml:17:1-22:12
MERGED from [androidx.lifecycle:lifecycle-livedata:2.0.0] AndroidManifest.xml:17:1-22:12
MERGED from [androidx.lifecycle:lifecycle-livedata-core:2.0.0] AndroidManifest.xml:17:1-22:12
MERGED from [androidx.arch.core:core-runtime:2.0.0] AndroidManifest.xml:17:1-22:12
INJECTED from src\main\AndroidManifest.xml:2:1-153:12
INJECTED from src\main\AndroidManifest.xml:2:1-153:12
INJECTED from src\main\AndroidManifest.xml:2:1-153:12
	package
		ADDED from src\main\AndroidManifest.xml:4:5-33
		INJECTED from src\main\AndroidManifest.xml
		INJECTED from src\main\AndroidManifest.xml
	android:versionName
		INJECTED from src\main\AndroidManifest.xml
		ADDED from src\main\AndroidManifest.xml:2:1-153:12
		INJECTED from src\main\AndroidManifest.xml
	xmlns:tools
		ADDED from src\main\AndroidManifest.xml:3:5-51
	android:versionCode
		INJECTED from src\main\AndroidManifest.xml
		ADDED from src\main\AndroidManifest.xml:2:1-153:12
		INJECTED from src\main\AndroidManifest.xml
	xmlns:android
		ADDED from src\main\AndroidManifest.xml:2:11-69
uses-permission#android.permission.RECEIVE_USER_PRESENT
ADDED from src\main\AndroidManifest.xml:13:5-79
MERGED from [cn.jiguang.sdk:jmessage:2.9.0] AndroidManifest.xml:17:5-79
MERGED from [cn.jiguang.sdk:jmessage:2.9.0] AndroidManifest.xml:17:5-79
	android:name
		ADDED from src\main\AndroidManifest.xml:13:22-76
uses-permission#android.permission.INTERNET
ADDED from src\main\AndroidManifest.xml:15:5-67
MERGED from [cn.jiguang.sdk:jmessage:2.9.0] AndroidManifest.xml:18:5-67
MERGED from [cn.jiguang.sdk:jmessage:2.9.0] AndroidManifest.xml:18:5-67
	android:name
		ADDED from src\main\AndroidManifest.xml:15:22-64
uses-permission#android.permission.WAKE_LOCK
ADDED from src\main\AndroidManifest.xml:17:5-68
MERGED from [cn.jiguang.sdk:jmessage:2.9.0] AndroidManifest.xml:19:5-68
MERGED from [cn.jiguang.sdk:jmessage:2.9.0] AndroidManifest.xml:19:5-68
	android:name
		ADDED from src\main\AndroidManifest.xml:17:22-65
uses-permission#android.permission.READ_PHONE_STATE
ADDED from src\main\AndroidManifest.xml:19:5-75
MERGED from [cn.jiguang.sdk:jmessage:2.9.0] AndroidManifest.xml:20:5-75
MERGED from [cn.jiguang.sdk:jmessage:2.9.0] AndroidManifest.xml:20:5-75
	android:name
		ADDED from src\main\AndroidManifest.xml:19:22-72
uses-permission#android.permission.WRITE_EXTERNAL_STORAGE
ADDED from src\main\AndroidManifest.xml:21:5-81
MERGED from [cn.jiguang.sdk:jmessage:2.9.0] AndroidManifest.xml:21:5-81
MERGED from [cn.jiguang.sdk:jmessage:2.9.0] AndroidManifest.xml:21:5-81
	android:name
		ADDED from src\main\AndroidManifest.xml:21:22-78
uses-permission#android.permission.READ_EXTERNAL_STORAGE
ADDED from src\main\AndroidManifest.xml:23:5-80
MERGED from [cn.jiguang.sdk:jmessage:2.9.0] AndroidManifest.xml:22:5-80
MERGED from [cn.jiguang.sdk:jmessage:2.9.0] AndroidManifest.xml:22:5-80
	android:name
		ADDED from src\main\AndroidManifest.xml:23:22-77
uses-permission#android.permission.VIBRATE
ADDED from src\main\AndroidManifest.xml:25:5-66
MERGED from [cn.jiguang.sdk:jmessage:2.9.0] AndroidManifest.xml:23:5-66
MERGED from [cn.jiguang.sdk:jmessage:2.9.0] AndroidManifest.xml:23:5-66
	android:name
		ADDED from src\main\AndroidManifest.xml:25:22-63
permission#android.permission.MOUNT_UNMOUNT_FILESYSTEMS
ADDED from src\main\AndroidManifest.xml:27:5-79
	android:name
		ADDED from src\main\AndroidManifest.xml:27:17-76
uses-permission#android.permission.ACCESS_NETWORK_STATE
ADDED from src\main\AndroidManifest.xml:29:5-79
MERGED from [cn.jiguang.sdk:jmessage:2.9.0] AndroidManifest.xml:25:5-79
MERGED from [cn.jiguang.sdk:jmessage:2.9.0] AndroidManifest.xml:25:5-79
	android:name
		ADDED from src\main\AndroidManifest.xml:29:22-76
permission#android.permission.WRITE_SETTINGS
ADDED from src\main\AndroidManifest.xml:31:5-68
	android:name
		ADDED from src\main\AndroidManifest.xml:31:17-65
uses-permission#android.permission.ACCESS_WIFI_STATE
ADDED from src\main\AndroidManifest.xml:33:5-76
MERGED from [cn.jiguang.sdk:jmessage:2.9.0] AndroidManifest.xml:27:5-76
MERGED from [cn.jiguang.sdk:jmessage:2.9.0] AndroidManifest.xml:27:5-76
	android:name
		ADDED from src\main\AndroidManifest.xml:33:22-73
application
ADDED from src\main\AndroidManifest.xml:35:5-137:19
MERGED from [com.google.android.material:material:1.0.0] AndroidManifest.xml:22:5-20
MERGED from [com.google.android.material:material:1.0.0] AndroidManifest.xml:22:5-20
MERGED from [pub.devrel:easypermissions:1.3.0] AndroidManifest.xml:11:5-17:19
MERGED from [pub.devrel:easypermissions:1.3.0] AndroidManifest.xml:11:5-17:19
MERGED from [com.github.bumptech.glide:glide:4.8.0] AndroidManifest.xml:10:5-20
MERGED from [com.github.bumptech.glide:glide:4.8.0] AndroidManifest.xml:10:5-20
MERGED from [androidx.constraintlayout:constraintlayout:1.1.3] AndroidManifest.xml:9:5-20
MERGED from [androidx.constraintlayout:constraintlayout:1.1.3] AndroidManifest.xml:9:5-20
MERGED from [cn.jiguang.sdk:jmessage:2.9.0] AndroidManifest.xml:42:5-117:19
MERGED from [cn.jiguang.sdk:jmessage:2.9.0] AndroidManifest.xml:42:5-117:19
MERGED from [cn.jiguang.sdk:jcore:2.0.0] AndroidManifest.xml:11:5-12:19
MERGED from [cn.jiguang.sdk:jcore:2.0.0] AndroidManifest.xml:11:5-12:19
MERGED from [androidx.core:core:1.0.0] AndroidManifest.xml:22:5-89
MERGED from [androidx.core:core:1.0.0] AndroidManifest.xml:22:5-89
MERGED from [androidx.versionedparcelable:versionedparcelable:1.0.0] AndroidManifest.xml:22:5-23:19
MERGED from [androidx.versionedparcelable:versionedparcelable:1.0.0] AndroidManifest.xml:22:5-23:19
MERGED from [com.github.bumptech.glide:gifdecoder:4.8.0] AndroidManifest.xml:9:5-20
MERGED from [com.github.bumptech.glide:gifdecoder:4.8.0] AndroidManifest.xml:9:5-20
	android:appComponentFactory
		ADDED from [androidx.core:core:1.0.0] AndroidManifest.xml:22:18-86
	android:supportsRtl
		ADDED from src\main\AndroidManifest.xml:41:9-35
	android:label
		ADDED from src\main\AndroidManifest.xml:39:9-41
	android:roundIcon
		ADDED from src\main\AndroidManifest.xml:40:9-54
	android:icon
		ADDED from src\main\AndroidManifest.xml:38:9-43
	android:allowBackup
		ADDED from src\main\AndroidManifest.xml:37:9-36
	android:theme
		ADDED from src\main\AndroidManifest.xml:43:9-40
	android:networkSecurityConfig
		ADDED from src\main\AndroidManifest.xml:42:9-69
	android:name
		ADDED from src\main\AndroidManifest.xml:36:9-40
activity#com.example.fitmvp.view.activity.WelcomeActivity
ADDED from src\main\AndroidManifest.xml:44:9-51:20
	android:screenOrientation
		ADDED from src\main\AndroidManifest.xml:45:13-49
	android:name
		ADDED from src\main\AndroidManifest.xml:44:19-64
intent-filter#action:name:android.intent.action.MAIN+category:name:android.intent.category.LAUNCHER
ADDED from src\main\AndroidManifest.xml:46:13-50:29
action#android.intent.action.MAIN
ADDED from src\main\AndroidManifest.xml:47:17-69
	android:name
		ADDED from src\main\AndroidManifest.xml:47:25-66
category#android.intent.category.LAUNCHER
ADDED from src\main\AndroidManifest.xml:49:17-77
	android:name
		ADDED from src\main\AndroidManifest.xml:49:27-74
provider#androidx.core.content.FileProvider
ADDED from src\main\AndroidManifest.xml:52:1-60:12
	android:grantUriPermissions
		ADDED from src\main\AndroidManifest.xml:56:5-39
	android:authorities
		ADDED from src\main\AndroidManifest.xml:54:5-58
	android:exported
		ADDED from src\main\AndroidManifest.xml:55:5-29
	android:name
		ADDED from src\main\AndroidManifest.xml:53:5-54
meta-data#android.support.FILE_PROVIDER_PATHS
ADDED from src\main\AndroidManifest.xml:57:5-59:45
	android:resource
		ADDED from src\main\AndroidManifest.xml:59:9-43
	android:name
		ADDED from src\main\AndroidManifest.xml:58:9-59
activity#com.example.fitmvp.view.activity.LoginActivity
ADDED from src\main\AndroidManifest.xml:62:9-63:51
	android:screenOrientation
		ADDED from src\main\AndroidManifest.xml:63:13-49
	android:name
		ADDED from src\main\AndroidManifest.xml:62:19-62
activity#com.example.fitmvp.view.activity.MainActivity
ADDED from src\main\AndroidManifest.xml:64:9-65:51
	android:screenOrientation
		ADDED from src\main\AndroidManifest.xml:65:13-49
	android:name
		ADDED from src\main\AndroidManifest.xml:64:19-61
activity#com.example.fitmvp.view.activity.RegisterActivity
ADDED from src\main\AndroidManifest.xml:66:9-67:51
	android:screenOrientation
		ADDED from src\main\AndroidManifest.xml:67:13-49
	android:name
		ADDED from src\main\AndroidManifest.xml:66:19-65
activity#com.example.fitmvp.view.activity.ChangePwActivity
ADDED from src\main\AndroidManifest.xml:68:9-69:51
	android:screenOrientation
		ADDED from src\main\AndroidManifest.xml:69:13-49
	android:name
		ADDED from src\main\AndroidManifest.xml:68:19-65
activity#com.example.fitmvp.view.activity.RecordDetailActivity
ADDED from src\main\AndroidManifest.xml:70:9-71:51
	android:screenOrientation
		ADDED from src\main\AndroidManifest.xml:71:13-49
	android:name
		ADDED from src\main\AndroidManifest.xml:70:19-69
activity#com.example.fitmvp.view.activity.SettingActivity
ADDED from src\main\AndroidManifest.xml:72:9-73:51
	android:screenOrientation
		ADDED from src\main\AndroidManifest.xml:73:13-49
	android:name
		ADDED from src\main\AndroidManifest.xml:72:19-64
activity#com.example.fitmvp.view.activity.FriendSearchActivity
ADDED from src\main\AndroidManifest.xml:74:9-75:51
	android:screenOrientation
		ADDED from src\main\AndroidManifest.xml:75:13-49
	android:name
		ADDED from src\main\AndroidManifest.xml:74:19-69
activity#com.example.fitmvp.view.activity.FriendDetailActivity
ADDED from src\main\AndroidManifest.xml:76:9-77:51
	android:screenOrientation
		ADDED from src\main\AndroidManifest.xml:77:13-49
	android:name
		ADDED from src\main\AndroidManifest.xml:76:19-69
activity#com.example.fitmvp.view.activity.FriendAddActivity
ADDED from src\main\AndroidManifest.xml:78:9-79:51
	android:screenOrientation
		ADDED from src\main\AndroidManifest.xml:79:13-49
	android:name
		ADDED from src\main\AndroidManifest.xml:78:19-66
activity#com.example.fitmvp.view.activity.FriendRecommendActivity
ADDED from src\main\AndroidManifest.xml:80:9-81:51
	android:screenOrientation
		ADDED from src\main\AndroidManifest.xml:81:13-49
	android:name
		ADDED from src\main\AndroidManifest.xml:80:19-72
activity#com.example.fitmvp.view.activity.FriendSettingActivity
ADDED from src\main\AndroidManifest.xml:82:9-83:51
	android:screenOrientation
		ADDED from src\main\AndroidManifest.xml:83:13-49
	android:name
		ADDED from src\main\AndroidManifest.xml:82:19-70
activity#com.example.fitmvp.chat.activity.ChatActivity
ADDED from src\main\AndroidManifest.xml:84:9-85:51
	android:screenOrientation
		ADDED from src\main\AndroidManifest.xml:85:13-49
	android:name
		ADDED from src\main\AndroidManifest.xml:84:19-61
activity#com.example.fitmvp.view.activity.PhotoPass
ADDED from src\main\AndroidManifest.xml:87:9-88:51
	android:screenOrientation
		ADDED from src\main\AndroidManifest.xml:88:13-49
	android:name
		ADDED from src\main\AndroidManifest.xml:87:19-58
activity#com.example.fitmvp.view.activity.PhotoType
ADDED from src\main\AndroidManifest.xml:89:9-90:51
	android:screenOrientation
		ADDED from src\main\AndroidManifest.xml:90:13-49
	android:name
		ADDED from src\main\AndroidManifest.xml:89:19-58
activity#com.example.fitmvp.view.activity.PhotoPassm
ADDED from src\main\AndroidManifest.xml:91:9-92:51
	android:screenOrientation
		ADDED from src\main\AndroidManifest.xml:92:13-49
	android:name
		ADDED from src\main\AndroidManifest.xml:91:19-59
activity#com.example.fitmvp.view.activity.PhotoShow
ADDED from src\main\AndroidManifest.xml:93:9-94:51
	android:screenOrientation
		ADDED from src\main\AndroidManifest.xml:94:13-49
	android:name
		ADDED from src\main\AndroidManifest.xml:93:19-58
activity#com.example.fitmvp.view.activity.FoodShare
ADDED from src\main\AndroidManifest.xml:95:9-96:51
	android:screenOrientation
		ADDED from src\main\AndroidManifest.xml:96:13-49
	android:name
		ADDED from src\main\AndroidManifest.xml:95:19-58
activity#com.example.fitmvp.view.activity.PhotoShowt
ADDED from src\main\AndroidManifest.xml:98:9-99:51
	android:screenOrientation
		ADDED from src\main\AndroidManifest.xml:99:13-49
	android:name
		ADDED from src\main\AndroidManifest.xml:98:19-59
activity#com.example.fitmvp.view.activity.ReportChooseDateActivity
ADDED from src\main\AndroidManifest.xml:100:9-101:51
	android:screenOrientation
		ADDED from src\main\AndroidManifest.xml:101:13-49
	android:name
		ADDED from src\main\AndroidManifest.xml:100:19-73
activity#com.example.fitmvp.view.activity.ReportDetailActivity
ADDED from src\main\AndroidManifest.xml:102:9-103:51
	android:screenOrientation
		ADDED from src\main\AndroidManifest.xml:103:13-49
	android:name
		ADDED from src\main\AndroidManifest.xml:102:19-69
activity#com.example.fitmvp.view.activity.NoticeDetailActivity
ADDED from src\main\AndroidManifest.xml:104:9-105:51
	android:screenOrientation
		ADDED from src\main\AndroidManifest.xml:105:13-49
	android:name
		ADDED from src\main\AndroidManifest.xml:104:19-69
activity#com.example.fitmvp.view.activity.NoticeListActivity
ADDED from src\main\AndroidManifest.xml:106:9-107:51
	android:screenOrientation
		ADDED from src\main\AndroidManifest.xml:107:13-49
	android:name
		ADDED from src\main\AndroidManifest.xml:106:19-67
service#com.example.fitmvp.MyService
ADDED from src\main\AndroidManifest.xml:110:9-118:19
	android:process
		ADDED from src\main\AndroidManifest.xml:114:13-40
	android:enabled
		ADDED from src\main\AndroidManifest.xml:112:13-35
	android:exported
		ADDED from src\main\AndroidManifest.xml:113:13-37
	android:name
		ADDED from src\main\AndroidManifest.xml:111:13-38
intent-filter#action:name:cn.jiguang.user.service.action
ADDED from src\main\AndroidManifest.xml:115:13-117:29
action#cn.jiguang.user.service.action
ADDED from src\main\AndroidManifest.xml:116:17-72
	android:name
		ADDED from src\main\AndroidManifest.xml:116:25-70
meta-data#AA_DB_NAME
ADDED from src\main\AndroidManifest.xml:121:9-71
	android:value
		ADDED from src\main\AndroidManifest.xml:121:46-68
	android:name
		ADDED from src\main\AndroidManifest.xml:121:20-45
meta-data#AA_DB_VERSION
ADDED from src\main\AndroidManifest.xml:122:9-69
	android:value
		ADDED from src\main\AndroidManifest.xml:122:49-66
	android:name
		ADDED from src\main\AndroidManifest.xml:122:20-48
meta-data#AA_MODELS
ADDED from src\main\AndroidManifest.xml:123:9-127:69
	android:value
		ADDED from src\main\AndroidManifest.xml:123:9-127:69
	android:name
		ADDED from src\main\AndroidManifest.xml:124:13-37
provider#com.activeandroid.content.ContentProvider
ADDED from src\main\AndroidManifest.xml:130:9-135:20
	android:enabled
		ADDED from src\main\AndroidManifest.xml:133:13-35
	android:authorities
		ADDED from src\main\AndroidManifest.xml:132:13-53
	android:exported
		ADDED from src\main\AndroidManifest.xml:134:13-37
	android:name
		ADDED from src\main\AndroidManifest.xml:131:13-69
uses-permission#android.permission.CAMERA
ADDED from src\main\AndroidManifest.xml:145:5-65
MERGED from [cn.jiguang.sdk:jmessage:2.9.0] AndroidManifest.xml:39:5-65
MERGED from [cn.jiguang.sdk:jmessage:2.9.0] AndroidManifest.xml:39:5-65
	android:name
		ADDED from src\main\AndroidManifest.xml:145:22-62
uses-permission#android.permission.MOUNT_UNMOUNT_FILESYSTEMS
ADDED from src\main\AndroidManifest.xml:152:5-100
MERGED from [cn.jiguang.sdk:jmessage:2.9.0] AndroidManifest.xml:24:5-84
MERGED from [cn.jiguang.sdk:jmessage:2.9.0] AndroidManifest.xml:24:5-84
	android:name
		ADDED from src\main\AndroidManifest.xml:152:22-81
uses-sdk
INJECTED from src\main\AndroidManifest.xml reason: use-sdk injection requested
INJECTED from src\main\AndroidManifest.xml
INJECTED from src\main\AndroidManifest.xml
MERGED from [androidx.legacy:legacy-support-v13:1.0.0] AndroidManifest.xml:20:5-44
MERGED from [androidx.legacy:legacy-support-v13:1.0.0] AndroidManifest.xml:20:5-44
MERGED from [:emoji] AndroidManifest.xml:5:5-7:41
MERGED from [:emoji] AndroidManifest.xml:5:5-7:41
MERGED from [androidx.legacy:legacy-support-v4:1.0.0] AndroidManifest.xml:20:5-44
MERGED from [androidx.legacy:legacy-support-v4:1.0.0] AndroidManifest.xml:20:5-44
MERGED from [com.google.android.material:material:1.0.0] AndroidManifest.xml:20:5-44
MERGED from [com.google.android.material:material:1.0.0] AndroidManifest.xml:20:5-44
MERGED from [androidx.cardview:cardview:1.0.0] AndroidManifest.xml:20:5-44
MERGED from [androidx.cardview:cardview:1.0.0] AndroidManifest.xml:20:5-44
MERGED from [pub.devrel:easypermissions:1.3.0] AndroidManifest.xml:7:5-9:41
MERGED from [pub.devrel:easypermissions:1.3.0] AndroidManifest.xml:7:5-9:41
MERGED from [com.github.darrenfantasy:DoubleDatePicker:1.0] AndroidManifest.xml:7:5-9:41
MERGED from [com.github.darrenfantasy:DoubleDatePicker:1.0] AndroidManifest.xml:7:5-9:41
MERGED from [androidx.appcompat:appcompat:1.0.0] AndroidManifest.xml:20:5-44
MERGED from [androidx.appcompat:appcompat:1.0.0] AndroidManifest.xml:20:5-44
MERGED from [com.github.bumptech.glide:glide:4.8.0] AndroidManifest.xml:6:5-8:41
MERGED from [com.github.bumptech.glide:glide:4.8.0] AndroidManifest.xml:6:5-8:41
MERGED from [androidx.constraintlayout:constraintlayout:1.1.3] AndroidManifest.xml:5:5-7:41
MERGED from [androidx.constraintlayout:constraintlayout:1.1.3] AndroidManifest.xml:5:5-7:41
MERGED from [androidx.recyclerview:recyclerview:1.0.0] AndroidManifest.xml:20:5-44
MERGED from [androidx.recyclerview:recyclerview:1.0.0] AndroidManifest.xml:20:5-44
MERGED from [io.reactivex.rxjava2:rxandroid:2.0.1] AndroidManifest.xml:19:5-43
MERGED from [io.reactivex.rxjava2:rxandroid:2.0.1] AndroidManifest.xml:19:5-43
MERGED from [cn.jiguang.sdk:jmessage:2.9.0] AndroidManifest.xml:7:5-9:41
MERGED from [cn.jiguang.sdk:jmessage:2.9.0] AndroidManifest.xml:7:5-9:41
MERGED from [cn.jiguang.sdk:jcore:2.0.0] AndroidManifest.xml:7:5-9:41
MERGED from [cn.jiguang.sdk:jcore:2.0.0] AndroidManifest.xml:7:5-9:41
MERGED from [androidx.media:media:1.0.0] AndroidManifest.xml:20:5-44
MERGED from [androidx.media:media:1.0.0] AndroidManifest.xml:20:5-44
MERGED from [androidx.fragment:fragment:1.0.0] AndroidManifest.xml:20:5-44
MERGED from [androidx.fragment:fragment:1.0.0] AndroidManifest.xml:20:5-44
MERGED from [androidx.vectordrawable:vectordrawable-animated:1.0.0] AndroidManifest.xml:20:5-44
MERGED from [androidx.vectordrawable:vectordrawable-animated:1.0.0] AndroidManifest.xml:20:5-44
MERGED from [androidx.legacy:legacy-support-core-ui:1.0.0] AndroidManifest.xml:20:5-44
MERGED from [androidx.legacy:legacy-support-core-ui:1.0.0] AndroidManifest.xml:20:5-44
MERGED from [androidx.legacy:legacy-support-core-utils:1.0.0] AndroidManifest.xml:20:5-44
MERGED from [androidx.legacy:legacy-support-core-utils:1.0.0] AndroidManifest.xml:20:5-44
MERGED from [androidx.vectordrawable:vectordrawable:1.0.0] AndroidManifest.xml:20:5-44
MERGED from [androidx.vectordrawable:vectordrawable:1.0.0] AndroidManifest.xml:20:5-44
MERGED from [androidx.transition:transition:1.0.0] AndroidManifest.xml:20:5-44
MERGED from [androidx.transition:transition:1.0.0] AndroidManifest.xml:20:5-44
MERGED from [androidx.loader:loader:1.0.0] AndroidManifest.xml:20:5-44
MERGED from [androidx.loader:loader:1.0.0] AndroidManifest.xml:20:5-44
MERGED from [androidx.viewpager:viewpager:1.0.0] AndroidManifest.xml:20:5-44
MERGED from [androidx.viewpager:viewpager:1.0.0] AndroidManifest.xml:20:5-44
MERGED from [androidx.coordinatorlayout:coordinatorlayout:1.0.0] AndroidManifest.xml:20:5-44
MERGED from [androidx.coordinatorlayout:coordinatorlayout:1.0.0] AndroidManifest.xml:20:5-44
MERGED from [androidx.drawerlayout:drawerlayout:1.0.0] AndroidManifest.xml:20:5-44
MERGED from [androidx.drawerlayout:drawerlayout:1.0.0] AndroidManifest.xml:20:5-44
MERGED from [androidx.slidingpanelayout:slidingpanelayout:1.0.0] AndroidManifest.xml:20:5-44
MERGED from [androidx.slidingpanelayout:slidingpanelayout:1.0.0] AndroidManifest.xml:20:5-44
MERGED from [androidx.customview:customview:1.0.0] AndroidManifest.xml:20:5-44
MERGED from [androidx.customview:customview:1.0.0] AndroidManifest.xml:20:5-44
MERGED from [androidx.swiperefreshlayout:swiperefreshlayout:1.0.0] AndroidManifest.xml:20:5-44
MERGED from [androidx.swiperefreshlayout:swiperefreshlayout:1.0.0] AndroidManifest.xml:20:5-44
MERGED from [androidx.asynclayoutinflater:asynclayoutinflater:1.0.0] AndroidManifest.xml:20:5-44
MERGED from [androidx.asynclayoutinflater:asynclayoutinflater:1.0.0] AndroidManifest.xml:20:5-44
MERGED from [androidx.core:core:1.0.0] AndroidManifest.xml:20:5-44
MERGED from [androidx.core:core:1.0.0] AndroidManifest.xml:20:5-44
MERGED from [androidx.versionedparcelable:versionedparcelable:1.0.0] AndroidManifest.xml:20:5-44
MERGED from [androidx.versionedparcelable:versionedparcelable:1.0.0] AndroidManifest.xml:20:5-44
MERGED from [androidx.cursoradapter:cursoradapter:1.0.0] AndroidManifest.xml:20:5-44
MERGED from [androidx.cursoradapter:cursoradapter:1.0.0] AndroidManifest.xml:20:5-44
MERGED from [com.github.bumptech.glide:gifdecoder:4.8.0] AndroidManifest.xml:5:5-7:41
MERGED from [com.github.bumptech.glide:gifdecoder:4.8.0] AndroidManifest.xml:5:5-7:41
MERGED from [androidx.lifecycle:lifecycle-runtime:2.0.0] AndroidManifest.xml:20:5-44
MERGED from [androidx.lifecycle:lifecycle-runtime:2.0.0] AndroidManifest.xml:20:5-44
MERGED from [androidx.documentfile:documentfile:1.0.0] AndroidManifest.xml:20:5-44
MERGED from [androidx.documentfile:documentfile:1.0.0] AndroidManifest.xml:20:5-44
MERGED from [androidx.localbroadcastmanager:localbroadcastmanager:1.0.0] AndroidManifest.xml:20:5-44
MERGED from [androidx.localbroadcastmanager:localbroadcastmanager:1.0.0] AndroidManifest.xml:20:5-44
MERGED from [androidx.print:print:1.0.0] AndroidManifest.xml:20:5-44
MERGED from [androidx.print:print:1.0.0] AndroidManifest.xml:20:5-44
MERGED from [androidx.interpolator:interpolator:1.0.0] AndroidManifest.xml:20:5-44
MERGED from [androidx.interpolator:interpolator:1.0.0] AndroidManifest.xml:20:5-44
MERGED from [androidx.lifecycle:lifecycle-viewmodel:2.0.0] AndroidManifest.xml:20:5-44
MERGED from [androidx.lifecycle:lifecycle-viewmodel:2.0.0] AndroidManifest.xml:20:5-44
MERGED from [androidx.lifecycle:lifecycle-livedata:2.0.0] AndroidManifest.xml:20:5-44
MERGED from [androidx.lifecycle:lifecycle-livedata:2.0.0] AndroidManifest.xml:20:5-44
MERGED from [androidx.lifecycle:lifecycle-livedata-core:2.0.0] AndroidManifest.xml:20:5-44
MERGED from [androidx.lifecycle:lifecycle-livedata-core:2.0.0] AndroidManifest.xml:20:5-44
MERGED from [androidx.arch.core:core-runtime:2.0.0] AndroidManifest.xml:20:5-44
MERGED from [androidx.arch.core:core-runtime:2.0.0] AndroidManifest.xml:20:5-44
INJECTED from src\main\AndroidManifest.xml
INJECTED from src\main\AndroidManifest.xml
	android:targetSdkVersion
		INJECTED from src\main\AndroidManifest.xml
		ADDED from src\main\AndroidManifest.xml
		INJECTED from src\main\AndroidManifest.xml
	android:minSdkVersion
		INJECTED from src\main\AndroidManifest.xml
		ADDED from src\main\AndroidManifest.xml
		INJECTED from src\main\AndroidManifest.xml
activity#pub.devrel.easypermissions.AppSettingsDialogHolderActivity
ADDED from [pub.devrel:easypermissions:1.3.0] AndroidManifest.xml:12:9-16:66
	android:label
		ADDED from [pub.devrel:easypermissions:1.3.0] AndroidManifest.xml:15:13-29
	android:exported
		ADDED from [pub.devrel:easypermissions:1.3.0] AndroidManifest.xml:14:13-37
	android:theme
		ADDED from [pub.devrel:easypermissions:1.3.0] AndroidManifest.xml:16:13-63
	android:name
		ADDED from [pub.devrel:easypermissions:1.3.0] AndroidManifest.xml:13:13-86
permission#${JPUSH_PKGNAME}.permission.JPUSH_MESSAGE
MERGED from [cn.jiguang.sdk:jmessage:2.9.0] AndroidManifest.xml:11:5-13:47
uses-permission#${JPUSH_PKGNAME}.permission.JPUSH_MESSAGE
MERGED from [cn.jiguang.sdk:jmessage:2.9.0] AndroidManifest.xml:16:5-81
uses-permission#android.permission.WRITE_SETTINGS
ADDED from [cn.jiguang.sdk:jmessage:2.9.0] AndroidManifest.xml:26:5-73
	android:name
		ADDED from [cn.jiguang.sdk:jmessage:2.9.0] AndroidManifest.xml:26:22-70
uses-permission#android.permission.SYSTEM_ALERT_WINDOW
ADDED from [cn.jiguang.sdk:jmessage:2.9.0] AndroidManifest.xml:30:5-78
	android:name
		ADDED from [cn.jiguang.sdk:jmessage:2.9.0] AndroidManifest.xml:30:22-75
uses-permission#android.permission.ACCESS_COARSE_LOCATION
ADDED from [cn.jiguang.sdk:jmessage:2.9.0] AndroidManifest.xml:31:5-81
	android:name
		ADDED from [cn.jiguang.sdk:jmessage:2.9.0] AndroidManifest.xml:31:22-78
uses-permission#android.permission.ACCESS_FINE_LOCATION
ADDED from [cn.jiguang.sdk:jmessage:2.9.0] AndroidManifest.xml:32:5-79
	android:name
		ADDED from [cn.jiguang.sdk:jmessage:2.9.0] AndroidManifest.xml:32:22-76
uses-permission#android.permission.ACCESS_LOCATION_EXTRA_COMMANDS
ADDED from [cn.jiguang.sdk:jmessage:2.9.0] AndroidManifest.xml:33:5-89
	android:name
		ADDED from [cn.jiguang.sdk:jmessage:2.9.0] AndroidManifest.xml:33:22-86
uses-permission#android.permission.CHANGE_WIFI_STATE
ADDED from [cn.jiguang.sdk:jmessage:2.9.0] AndroidManifest.xml:34:5-76
	android:name
		ADDED from [cn.jiguang.sdk:jmessage:2.9.0] AndroidManifest.xml:34:22-73
uses-permission#android.permission.CHANGE_NETWORK_STATE
ADDED from [cn.jiguang.sdk:jmessage:2.9.0] AndroidManifest.xml:35:5-79
	android:name
		ADDED from [cn.jiguang.sdk:jmessage:2.9.0] AndroidManifest.xml:35:22-76
uses-permission#android.permission.RECORD_AUDIO
ADDED from [cn.jiguang.sdk:jmessage:2.9.0] AndroidManifest.xml:38:5-71
	android:name
		ADDED from [cn.jiguang.sdk:jmessage:2.9.0] AndroidManifest.xml:38:22-68
uses-permission#android.permission.MODIFY_AUDIO_SETTINGS
ADDED from [cn.jiguang.sdk:jmessage:2.9.0] AndroidManifest.xml:40:5-80
	android:name
		ADDED from [cn.jiguang.sdk:jmessage:2.9.0] AndroidManifest.xml:40:22-77
receiver#cn.jpush.android.service.PushReceiver
ADDED from [cn.jiguang.sdk:jmessage:2.9.0] AndroidManifest.xml:45:9-65:20